<?xml version="1.0" encoding="UTF-8"?>
<!-- Generated by org.testng.reporters.JUnitReportReporter -->
<testsuite hostname="LUCIF3R" name="com.guru99.banking.test.NewTest" tests="1" failures="0" timestamp="29 Oct 2020 11:11:00 GMT" time="28.461" errors="0">
  <testcase name="f" time="28.461" classname="com.guru99.banking.test.NewTest"/>
</testsuite> <!-- com.guru99.banking.test.NewTest -->
