<?xml version="1.0" encoding="UTF-8"?>
<!-- Generated by org.testng.reporters.JUnitReportReporter -->
<testsuite hostname="LUCIF3R" name="com.way2sms.login.test.NewTest" tests="1" failures="0" timestamp="9 Nov 2020 16:48:28 GMT" time="44.454" errors="0">
  <testcase name="f" time="44.454" classname="com.way2sms.login.test.NewTest"/>
</testsuite> <!-- com.way2sms.login.test.NewTest -->
